<?xml version="1.0" encoding="UTF-8"?>
<testng-results ignored="0" total="3" passed="3" failed="0" skipped="0">
  <reporter-output>
  </reporter-output>
  <suite started-at="2024-04-18T21:57:02 MESZ" name="Smoky" finished-at="2024-04-18T21:57:18 MESZ" duration-ms="16799">
    <groups>
    </groups>
    <test started-at="2024-04-18T21:57:02 MESZ" name="Nopackage" finished-at="2024-04-18T21:57:18 MESZ" duration-ms="16799">
      <class name="com.herokuapp.tests.AlertsTests">
        <test-method is-config="true" signature="init()[pri:0, instance:com.herokuapp.tests.AlertsTests@3d1cfad4]" started-at="2024-04-18T21:57:02 MESZ" name="init" finished-at="2024-04-18T21:57:06 MESZ" duration-ms="3980" status="PASS">
          <reporter-output>
          </reporter-output>
        </test-method> <!-- init -->
        <test-method is-config="true" signature="precondition()[pri:0, instance:com.herokuapp.tests.AlertsTests@3d1cfad4]" started-at="2024-04-18T21:57:06 MESZ" name="precondition" finished-at="2024-04-18T21:57:06 MESZ" duration-ms="418" status="PASS">
          <reporter-output>
          </reporter-output>
        </test-method> <!-- precondition -->
        <test-method signature="alertJS()[pri:0, instance:com.herokuapp.tests.AlertsTests@3d1cfad4]" started-at="2024-04-18T21:57:06 MESZ" name="alertJS" finished-at="2024-04-18T21:57:06 MESZ" duration-ms="179" status="PASS">
          <reporter-output>
          </reporter-output>
        </test-method> <!-- alertJS -->
        <test-method is-config="true" signature="init()[pri:0, instance:com.herokuapp.tests.AlertsTests@3d1cfad4]" started-at="2024-04-18T21:57:06 MESZ" name="init" finished-at="2024-04-18T21:57:13 MESZ" duration-ms="6377" status="PASS">
          <reporter-output>
          </reporter-output>
        </test-method> <!-- init -->
        <test-method is-config="true" signature="precondition()[pri:0, instance:com.herokuapp.tests.AlertsTests@3d1cfad4]" started-at="2024-04-18T21:57:13 MESZ" name="precondition" finished-at="2024-04-18T21:57:13 MESZ" duration-ms="323" status="PASS">
          <reporter-output>
          </reporter-output>
        </test-method> <!-- precondition -->
        <test-method signature="alertJSConfirm()[pri:0, instance:com.herokuapp.tests.AlertsTests@3d1cfad4]" started-at="2024-04-18T21:57:13 MESZ" name="alertJSConfirm" finished-at="2024-04-18T21:57:13 MESZ" duration-ms="163" status="PASS">
          <reporter-output>
          </reporter-output>
        </test-method> <!-- alertJSConfirm -->
        <test-method is-config="true" signature="init()[pri:0, instance:com.herokuapp.tests.AlertsTests@3d1cfad4]" started-at="2024-04-18T21:57:13 MESZ" name="init" finished-at="2024-04-18T21:57:18 MESZ" duration-ms="4683" status="PASS">
          <reporter-output>
          </reporter-output>
        </test-method> <!-- init -->
        <test-method is-config="true" signature="precondition()[pri:0, instance:com.herokuapp.tests.AlertsTests@3d1cfad4]" started-at="2024-04-18T21:57:18 MESZ" name="precondition" finished-at="2024-04-18T21:57:18 MESZ" duration-ms="388" status="PASS">
          <reporter-output>
          </reporter-output>
        </test-method> <!-- precondition -->
        <test-method signature="alertJSPromt()[pri:0, instance:com.herokuapp.tests.AlertsTests@3d1cfad4]" started-at="2024-04-18T21:57:18 MESZ" name="alertJSPromt" finished-at="2024-04-18T21:57:18 MESZ" duration-ms="216" status="PASS">
          <reporter-output>
          </reporter-output>
        </test-method> <!-- alertJSPromt -->
      </class> <!-- com.herokuapp.tests.AlertsTests -->
    </test> <!-- Nopackage -->
  </suite> <!-- Smoky -->
</testng-results>
